CREATE TABLE
CREATE FUNCTION
CREATE FUNCTION
CREATE FUNCTION
CREATE TABLE
CREATE FUNCTION
CREATE FUNCTION
CREATE FUNCTION
CREATE TABLE
CREATE FUNCTION
CREATE FUNCTION
CREATE FUNCTION
CREATE TABLE
CREATE FUNCTION
CREATE FUNCTION
CREATE FUNCTION
CREATE TABLE
CREATE FUNCTION
CREATE FUNCTION
CREATE FUNCTION
CREATE TABLE
CREATE FUNCTION
CREATE FUNCTION
CREATE FUNCTION
CREATE TABLE
CREATE FUNCTION
CREATE FUNCTION
CREATE FUNCTION
CREATE TABLE
CREATE FUNCTION
CREATE FUNCTION
CREATE FUNCTION
CREATE TABLE
CREATE FUNCTION
CREATE FUNCTION
CREATE FUNCTION
CREATE TABLE
CREATE FUNCTION
CREATE FUNCTION
CREATE FUNCTION
CREATE TABLE
CREATE FUNCTION
CREATE FUNCTION
CREATE FUNCTION
CREATE TABLE
CREATE FUNCTION
CREATE FUNCTION
CREATE FUNCTION
CREATE TABLE
CREATE FUNCTION
CREATE FUNCTION
CREATE FUNCTION
INSERT 0 1
 setval 
--------
      1
(1 row)

INSERT 0 1
 setval 
--------
      1
(1 row)

INSERT 0 1
 setval 
--------
      2
(1 row)

INSERT 0 1
 setval 
--------
      2
(1 row)

INSERT 0 1
 setval 
--------
      3
(1 row)

INSERT 0 1
 setval 
--------
      3
(1 row)

CREATE TABLE
INSERT 0 0
CREATE TABLE
INSERT 0 0
CREATE TABLE
INSERT 0 0
INSERT 0 0
CREATE TABLE
INSERT 0 0
INSERT 0 0
 id_account | id_holder | id_office | shartot | bondtot | column6 
------------+-----------+-----------+---------+---------+---------
(0 rows)

CREATE TABLE
INSERT 0 0
CREATE TABLE
INSERT 0 1
UPDATE 1
 id_account | id_holder | id_office | cash 
------------+-----------+-----------+------
(0 rows)

CREATE TABLE
INSERT 0 3
 id_office |   address   | postalcode |   town    
-----------+-------------+------------+-----------
         2 | Leidseplein | 1000 AA    | Amsterdam
         3 | Coolsingel  | 1200 AA    | Rotterdam
(2 rows)

CREATE TABLE
INSERT 0 3
INSERT 0 0
CREATE TABLE
INSERT 0 3
 id_office | address | postalcode | town | office_region | totalshares 
-----------+---------+------------+------+---------------+-------------
(0 rows)

CREATE TABLE
INSERT 0 3
 id_office |   address   | postalcode |   town    
-----------+-------------+------------+-----------
         2 | Leidseplein | 1000 AA    | Amsterdam
(1 row)

