
xplain2sql: system execution failed.
Following is the set of recorded exceptions:

-------------------------------------------------------------------------------
Class / Object      Routine                Nature of exception           Effect
-------------------------------------------------------------------------------
JOIN                make @2                an_actual_attribute_not_void:
<0000000040290198>                         Precondition violated.        Fail
-------------------------------------------------------------------------------
JOIN_TREE_NODE      generate_join_nodes @11
<000000004028E0E8>                         Routine failure.              Fail
-------------------------------------------------------------------------------
JOIN_TREE_NODE      generate_join_nodes @23
<000000004028DDC0>                         Routine failure.              Fail
-------------------------------------------------------------------------------
JOIN_LIST           finalize @3                                         
<000000004028DDA8>                         Routine failure.              Fail
-------------------------------------------------------------------------------
SQL_GENERATOR_TSQL2000
                    output_update_extend_from_clause @11
<0000000040154C38>  (From SQL_GENERATOR_TSQL)
                                           Routine failure.              Fail
-------------------------------------------------------------------------------
SQL_GENERATOR_TSQL2000
                    create_update @22      
<0000000040154C38>  (From SQL_GENERATOR)   Routine failure.              Fail
-------------------------------------------------------------------------------
SQL_GENERATOR_TSQL2000
                    write_update @4        
<0000000040154C38>  (From SQL_GENERATOR)   Routine failure.              Fail
-------------------------------------------------------------------------------
XPLAIN_UPDATE_STATEMENT
                    write @2               
<0000000040275CA8>                         Routine failure.              Fail
-------------------------------------------------------------------------------
XPLAIN_CASCADE_STATEMENT
                    write @6               
<0000000040275608>                         Routine failure.              Fail
-------------------------------------------------------------------------------
XPLAIN_PARSER       yy_do_action @2880                                  
<0000000040C5F888>                         Routine failure.              Fail
-------------------------------------------------------------------------------
XPLAIN_PARSER       parse @83                                           
<0000000040C5F888>  (From YY_PARSER_SKELETON)
                                           Routine failure.              Fail
-------------------------------------------------------------------------------
XPLAIN2SQL          make @143                                           
<0000000040153030>                         Routine failure.              Fail
-------------------------------------------------------------------------------
XPLAIN2SQL          root's creation                                     
<0000000040153030>                         Routine failure.              Exit
-------------------------------------------------------------------------------
