CREATE TABLE
CREATE FUNCTION
CREATE FUNCTION
CREATE FUNCTION
CREATE TABLE
CREATE FUNCTION
CREATE FUNCTION
CREATE FUNCTION
CREATE TABLE
CREATE FUNCTION
CREATE FUNCTION
CREATE FUNCTION
INSERT 0 1
INSERT 0 1
INSERT 0 1
INSERT 0 1
INSERT 0 1
INSERT 0 1
INSERT 0 1
INSERT 0 1
 id_item | description | stock | price  
---------+-------------+-------+--------
 i1      | table       |    20 | 234.00
 i2      | chair       |    50 | 114.00
 i3      | lamp        |    15 | 378.00
(3 rows)

 id_sale | week | day | description 
---------+------+-----+-------------
 s1      |    1 | Mon | chair
 s2      |    1 | Thu | table
 s3      |    1 | Wed | lamp
 s4      |    2 | Mon | table
 s5      |    2 | Sat | chair
(5 rows)

CREATE TABLE
INSERT 0 3
 id_item | turnover 
---------+----------
 i1      |      702
 i2      |      570
 i3      |      378
(3 rows)

CREATE TABLE
INSERT 0 3
CREATE TABLE
INSERT 0 3
 id_item | description 
---------+-------------
 i1      | table
 i3      | lamp
(2 rows)

