CREATE TABLE
CREATE FUNCTION
CREATE FUNCTION
CREATE FUNCTION
CREATE TABLE
CREATE FUNCTION
CREATE FUNCTION
CREATE FUNCTION
CREATE TABLE
CREATE FUNCTION
CREATE FUNCTION
CREATE FUNCTION
CREATE TABLE
CREATE FUNCTION
CREATE FUNCTION
CREATE FUNCTION
CREATE TABLE
CREATE FUNCTION
CREATE FUNCTION
CREATE FUNCTION
CREATE TABLE
INSERT 0 0
CREATE TABLE
INSERT 0 1
UPDATE 1
 id_user | user_name | home_town 
---------+-----------+-----------
(0 rows)

CREATE TABLE
INSERT 0 0
CREATE TABLE
INSERT 0 0
INSERT 0 0
ALTER TABLE
UPDATE 1
 id_supplier | company_name | business_town 
-------------+--------------+---------------
(0 rows)

CREATE TABLE
INSERT 0 0
CREATE TABLE
INSERT 0 0
INSERT 0 0
ALTER TABLE
UPDATE 1
 id_supplier | company_name | business_town 
-------------+--------------+---------------
(0 rows)

